2021-05-15 11:25:00.001 [main] INFO  cn.like.code.server.AdminApplication - Starting AdminApplication using Java 1.8.0_151 on like with PID 14440 (D:\Java\project\admin\like-admin\like-web-server\target\classes started by pdd20 in D:\Java\project\admin\like-admin)
2021-05-15 11:25:00.007 [main] INFO  cn.like.code.server.AdminApplication - The following profiles are active: develop
2021-05-15 11:25:02.055 [main] INFO  org.springframework.data.repository.config.RepositoryConfigurationDelegate - Multiple Spring Data modules found, entering strict repository configuration mode!
2021-05-15 11:25:02.060 [main] INFO  org.springframework.data.repository.config.RepositoryConfigurationDelegate - Bootstrapping Spring Data Redis repositories in DEFAULT mode.
2021-05-15 11:25:02.111 [main] INFO  org.springframework.data.repository.config.RepositoryConfigurationDelegate - Finished Spring Data repository scanning in 26 ms. Found 0 Redis repository interfaces.
2021-05-15 11:25:03.794 [main] INFO  org.springframework.boot.web.embedded.tomcat.TomcatWebServer - Tomcat initialized with port(s): 8101 (http)
2021-05-15 11:25:03.808 [main] INFO  org.apache.coyote.http11.Http11NioProtocol - Initializing ProtocolHandler ["http-nio-8101"]
2021-05-15 11:25:03.809 [main] INFO  org.apache.catalina.core.StandardService - Starting service [Tomcat]
2021-05-15 11:25:03.809 [main] INFO  org.apache.catalina.core.StandardEngine - Starting Servlet engine: [Apache Tomcat/9.0.45]
2021-05-15 11:25:03.943 [main] INFO  org.apache.catalina.core.ContainerBase.[Tomcat].[localhost].[/] - Initializing Spring embedded WebApplicationContext
2021-05-15 11:25:03.943 [main] INFO  org.springframework.boot.web.servlet.context.ServletWebServerApplicationContext - Root WebApplicationContext: initialization completed in 3483 ms
2021-05-15 11:25:08.068 [main] INFO  org.redisson.Version - Redisson 3.11.0
2021-05-15 11:25:11.192 [main] WARN  org.springframework.boot.web.servlet.context.AnnotationConfigServletWebServerApplicationContext - Exception encountered during context initialization - cancelling refresh attempt: org.springframework.beans.factory.UnsatisfiedDependencyException: Error creating bean with name 'lockAspect' defined in class path resource [com/sika/code/lock/config/LockConfig.class]: Unsatisfied dependency expressed through method 'lockAspect' parameter 0; nested exception is org.springframework.beans.factory.UnsatisfiedDependencyException: Error creating bean with name 'distributionLock' defined in class path resource [com/sika/code/lock/redis/config/RedissonConfig.class]: Unsatisfied dependency expressed through method 'distributionLock' parameter 0; nested exception is org.springframework.beans.factory.BeanCreationException: Error creating bean with name 'redissonSingle' defined in class path resource [com/sika/code/lock/redis/config/RedissonConfig$RedissonSingleClientConfiguration.class]: Bean instantiation via factory method failed; nested exception is org.springframework.beans.BeanInstantiationException: Failed to instantiate [org.redisson.api.RedissonClient]: Factory method 'redissonSingle' threw exception; nested exception is java.lang.IllegalArgumentException: port out of range:-1
2021-05-15 11:25:11.204 [main] INFO  org.apache.catalina.core.StandardService - Stopping service [Tomcat]
2021-05-15 11:25:11.219 [main] INFO  org.springframework.boot.autoconfigure.logging.ConditionEvaluationReportLoggingListener - 

Error starting ApplicationContext. To display the conditions report re-run your application with 'debug' enabled.
2021-05-15 11:25:11.244 [main] ERROR org.springframework.boot.SpringApplication - Application run failed
org.springframework.beans.factory.UnsatisfiedDependencyException: Error creating bean with name 'lockAspect' defined in class path resource [com/sika/code/lock/config/LockConfig.class]: Unsatisfied dependency expressed through method 'lockAspect' parameter 0; nested exception is org.springframework.beans.factory.UnsatisfiedDependencyException: Error creating bean with name 'distributionLock' defined in class path resource [com/sika/code/lock/redis/config/RedissonConfig.class]: Unsatisfied dependency expressed through method 'distributionLock' parameter 0; nested exception is org.springframework.beans.factory.BeanCreationException: Error creating bean with name 'redissonSingle' defined in class path resource [com/sika/code/lock/redis/config/RedissonConfig$RedissonSingleClientConfiguration.class]: Bean instantiation via factory method failed; nested exception is org.springframework.beans.BeanInstantiationException: Failed to instantiate [org.redisson.api.RedissonClient]: Factory method 'redissonSingle' threw exception; nested exception is java.lang.IllegalArgumentException: port out of range:-1
	at org.springframework.beans.factory.support.ConstructorResolver.createArgumentArray(ConstructorResolver.java:800)
	at org.springframework.beans.factory.support.ConstructorResolver.instantiateUsingFactoryMethod(ConstructorResolver.java:541)
	at org.springframework.beans.factory.support.AbstractAutowireCapableBeanFactory.instantiateUsingFactoryMethod(AbstractAutowireCapableBeanFactory.java:1334)
	at org.springframework.beans.factory.support.AbstractAutowireCapableBeanFactory.createBeanInstance(AbstractAutowireCapableBeanFactory.java:1177)
	at org.springframework.beans.factory.support.AbstractAutowireCapableBeanFactory.doCreateBean(AbstractAutowireCapableBeanFactory.java:564)
	at org.springframework.beans.factory.support.AbstractAutowireCapableBeanFactory.createBean(AbstractAutowireCapableBeanFactory.java:524)
	at org.springframework.beans.factory.support.AbstractBeanFactory.lambda$doGetBean$0(AbstractBeanFactory.java:335)
	at org.springframework.beans.factory.support.DefaultSingletonBeanRegistry.getSingleton(DefaultSingletonBeanRegistry.java:234)
	at org.springframework.beans.factory.support.AbstractBeanFactory.doGetBean(AbstractBeanFactory.java:333)
	at org.springframework.beans.factory.support.AbstractBeanFactory.getBean(AbstractBeanFactory.java:208)
	at org.springframework.beans.factory.support.DefaultListableBeanFactory.preInstantiateSingletons(DefaultListableBeanFactory.java:944)
	at org.springframework.context.support.AbstractApplicationContext.finishBeanFactoryInitialization(AbstractApplicationContext.java:918)
	at org.springframework.context.support.AbstractApplicationContext.refresh(AbstractApplicationContext.java:583)
	at org.springframework.boot.web.servlet.context.ServletWebServerApplicationContext.refresh(ServletWebServerApplicationContext.java:144)
	at org.springframework.boot.SpringApplication.refresh(SpringApplication.java:782)
	at org.springframework.boot.SpringApplication.refresh(SpringApplication.java:774)
	at org.springframework.boot.SpringApplication.refreshContext(SpringApplication.java:439)
	at org.springframework.boot.SpringApplication.run(SpringApplication.java:339)
	at org.springframework.boot.SpringApplication.run(SpringApplication.java:1340)
	at org.springframework.boot.SpringApplication.run(SpringApplication.java:1329)
	at cn.like.code.server.AdminApplication.main(AdminApplication.java:21)
Caused by: org.springframework.beans.factory.UnsatisfiedDependencyException: Error creating bean with name 'distributionLock' defined in class path resource [com/sika/code/lock/redis/config/RedissonConfig.class]: Unsatisfied dependency expressed through method 'distributionLock' parameter 0; nested exception is org.springframework.beans.factory.BeanCreationException: Error creating bean with name 'redissonSingle' defined in class path resource [com/sika/code/lock/redis/config/RedissonConfig$RedissonSingleClientConfiguration.class]: Bean instantiation via factory method failed; nested exception is org.springframework.beans.BeanInstantiationException: Failed to instantiate [org.redisson.api.RedissonClient]: Factory method 'redissonSingle' threw exception; nested exception is java.lang.IllegalArgumentException: port out of range:-1
	at org.springframework.beans.factory.support.ConstructorResolver.createArgumentArray(ConstructorResolver.java:800)
	at org.springframework.beans.factory.support.ConstructorResolver.instantiateUsingFactoryMethod(ConstructorResolver.java:541)
	at org.springframework.beans.factory.support.AbstractAutowireCapableBeanFactory.instantiateUsingFactoryMethod(AbstractAutowireCapableBeanFactory.java:1334)
	at org.springframework.beans.factory.support.AbstractAutowireCapableBeanFactory.createBeanInstance(AbstractAutowireCapableBeanFactory.java:1177)
	at org.springframework.beans.factory.support.AbstractAutowireCapableBeanFactory.doCreateBean(AbstractAutowireCapableBeanFactory.java:564)
	at org.springframework.beans.factory.support.AbstractAutowireCapableBeanFactory.createBean(AbstractAutowireCapableBeanFactory.java:524)
	at org.springframework.beans.factory.support.AbstractBeanFactory.lambda$doGetBean$0(AbstractBeanFactory.java:335)
	at org.springframework.beans.factory.support.DefaultSingletonBeanRegistry.getSingleton(DefaultSingletonBeanRegistry.java:234)
	at org.springframework.beans.factory.support.AbstractBeanFactory.doGetBean(AbstractBeanFactory.java:333)
	at org.springframework.beans.factory.support.AbstractBeanFactory.getBean(AbstractBeanFactory.java:208)
	at org.springframework.beans.factory.config.DependencyDescriptor.resolveCandidate(DependencyDescriptor.java:276)
	at org.springframework.beans.factory.support.DefaultListableBeanFactory.doResolveDependency(DefaultListableBeanFactory.java:1380)
	at org.springframework.beans.factory.support.DefaultListableBeanFactory.resolveDependency(DefaultListableBeanFactory.java:1300)
	at org.springframework.beans.factory.support.ConstructorResolver.resolveAutowiredArgument(ConstructorResolver.java:887)
	at org.springframework.beans.factory.support.ConstructorResolver.createArgumentArray(ConstructorResolver.java:791)
	... 20 common frames omitted
Caused by: org.springframework.beans.factory.BeanCreationException: Error creating bean with name 'redissonSingle' defined in class path resource [com/sika/code/lock/redis/config/RedissonConfig$RedissonSingleClientConfiguration.class]: Bean instantiation via factory method failed; nested exception is org.springframework.beans.BeanInstantiationException: Failed to instantiate [org.redisson.api.RedissonClient]: Factory method 'redissonSingle' threw exception; nested exception is java.lang.IllegalArgumentException: port out of range:-1
	at org.springframework.beans.factory.support.ConstructorResolver.instantiate(ConstructorResolver.java:658)
	at org.springframework.beans.factory.support.ConstructorResolver.instantiateUsingFactoryMethod(ConstructorResolver.java:486)
	at org.springframework.beans.factory.support.AbstractAutowireCapableBeanFactory.instantiateUsingFactoryMethod(AbstractAutowireCapableBeanFactory.java:1334)
	at org.springframework.beans.factory.support.AbstractAutowireCapableBeanFactory.createBeanInstance(AbstractAutowireCapableBeanFactory.java:1177)
	at org.springframework.beans.factory.support.AbstractAutowireCapableBeanFactory.doCreateBean(AbstractAutowireCapableBeanFactory.java:564)
	at org.springframework.beans.factory.support.AbstractAutowireCapableBeanFactory.createBean(AbstractAutowireCapableBeanFactory.java:524)
	at org.springframework.beans.factory.support.AbstractBeanFactory.lambda$doGetBean$0(AbstractBeanFactory.java:335)
	at org.springframework.beans.factory.support.DefaultSingletonBeanRegistry.getSingleton(DefaultSingletonBeanRegistry.java:234)
	at org.springframework.beans.factory.support.AbstractBeanFactory.doGetBean(AbstractBeanFactory.java:333)
	at org.springframework.beans.factory.support.AbstractBeanFactory.getBean(AbstractBeanFactory.java:208)
	at org.springframework.beans.factory.config.DependencyDescriptor.resolveCandidate(DependencyDescriptor.java:276)
	at org.springframework.beans.factory.support.DefaultListableBeanFactory.doResolveDependency(DefaultListableBeanFactory.java:1380)
	at org.springframework.beans.factory.support.DefaultListableBeanFactory.resolveDependency(DefaultListableBeanFactory.java:1300)
	at org.springframework.beans.factory.support.ConstructorResolver.resolveAutowiredArgument(ConstructorResolver.java:887)
	at org.springframework.beans.factory.support.ConstructorResolver.createArgumentArray(ConstructorResolver.java:791)
	... 34 common frames omitted
Caused by: org.springframework.beans.BeanInstantiationException: Failed to instantiate [org.redisson.api.RedissonClient]: Factory method 'redissonSingle' threw exception; nested exception is java.lang.IllegalArgumentException: port out of range:-1
	at org.springframework.beans.factory.support.SimpleInstantiationStrategy.instantiate(SimpleInstantiationStrategy.java:185)
	at org.springframework.beans.factory.support.ConstructorResolver.instantiate(ConstructorResolver.java:653)
	... 48 common frames omitted
Caused by: java.lang.IllegalArgumentException: port out of range:-1
	at java.net.InetSocketAddress.checkPort(InetSocketAddress.java:143)
	at java.net.InetSocketAddress.<init>(InetSocketAddress.java:188)
	at org.redisson.client.RedisClient.resolveAddr(RedisClient.java:175)
	at org.redisson.connection.MasterSlaveEntry.setupMasterEntry(MasterSlaveEntry.java:123)
	at org.redisson.connection.MasterSlaveEntry.setupMasterEntry(MasterSlaveEntry.java:118)
	at org.redisson.connection.MasterSlaveConnectionManager.initSingleEntry(MasterSlaveConnectionManager.java:345)
	at org.redisson.connection.MasterSlaveConnectionManager.<init>(MasterSlaveConnectionManager.java:163)
	at org.redisson.connection.SingleConnectionManager.<init>(SingleConnectionManager.java:34)
	at org.redisson.config.ConfigSupport.createConnectionManager(ConfigSupport.java:229)
	at org.redisson.Redisson.<init>(Redisson.java:120)
	at org.redisson.Redisson.create(Redisson.java:160)
	at com.sika.code.lock.redis.config.RedissonConfig$RedissonSingleClientConfiguration.redissonSingle(RedissonConfig.java:63)
	at com.sika.code.lock.redis.config.RedissonConfig$RedissonSingleClientConfiguration$$EnhancerBySpringCGLIB$$210ebe3a.CGLIB$redissonSingle$2(<generated>)
	at com.sika.code.lock.redis.config.RedissonConfig$RedissonSingleClientConfiguration$$EnhancerBySpringCGLIB$$210ebe3a$$FastClassBySpringCGLIB$$999f367b.invoke(<generated>)
	at org.springframework.cglib.proxy.MethodProxy.invokeSuper(MethodProxy.java:244)
	at org.springframework.context.annotation.ConfigurationClassEnhancer$BeanMethodInterceptor.intercept(ConfigurationClassEnhancer.java:331)
	at com.sika.code.lock.redis.config.RedissonConfig$RedissonSingleClientConfiguration$$EnhancerBySpringCGLIB$$210ebe3a.redissonSingle(<generated>)
	at sun.reflect.NativeMethodAccessorImpl.invoke0(Native Method)
	at sun.reflect.NativeMethodAccessorImpl.invoke(NativeMethodAccessorImpl.java:62)
	at sun.reflect.DelegatingMethodAccessorImpl.invoke(DelegatingMethodAccessorImpl.java:43)
	at java.lang.reflect.Method.invoke(Method.java:498)
	at org.springframework.beans.factory.support.SimpleInstantiationStrategy.instantiate(SimpleInstantiationStrategy.java:154)
	... 49 common frames omitted
2021-05-15 11:25:59.720 [main] INFO  cn.like.code.server.AdminApplication - Starting AdminApplication using Java 1.8.0_151 on like with PID 20064 (D:\Java\project\admin\like-admin\like-web-server\target\classes started by pdd20 in D:\Java\project\admin\like-admin)
2021-05-15 11:25:59.723 [main] INFO  cn.like.code.server.AdminApplication - The following profiles are active: develop
2021-05-15 11:26:01.645 [main] INFO  org.springframework.data.repository.config.RepositoryConfigurationDelegate - Multiple Spring Data modules found, entering strict repository configuration mode!
2021-05-15 11:26:01.649 [main] INFO  org.springframework.data.repository.config.RepositoryConfigurationDelegate - Bootstrapping Spring Data Redis repositories in DEFAULT mode.
2021-05-15 11:26:01.722 [main] INFO  org.springframework.data.repository.config.RepositoryConfigurationDelegate - Finished Spring Data repository scanning in 44 ms. Found 0 Redis repository interfaces.
2021-05-15 11:26:03.474 [main] INFO  org.springframework.boot.web.embedded.tomcat.TomcatWebServer - Tomcat initialized with port(s): 8101 (http)
2021-05-15 11:26:03.494 [main] INFO  org.apache.coyote.http11.Http11NioProtocol - Initializing ProtocolHandler ["http-nio-8101"]
2021-05-15 11:26:03.495 [main] INFO  org.apache.catalina.core.StandardService - Starting service [Tomcat]
2021-05-15 11:26:03.496 [main] INFO  org.apache.catalina.core.StandardEngine - Starting Servlet engine: [Apache Tomcat/9.0.45]
2021-05-15 11:26:03.675 [main] INFO  org.apache.catalina.core.ContainerBase.[Tomcat].[localhost].[/] - Initializing Spring embedded WebApplicationContext
2021-05-15 11:26:03.675 [main] INFO  org.springframework.boot.web.servlet.context.ServletWebServerApplicationContext - Root WebApplicationContext: initialization completed in 3671 ms
2021-05-15 11:26:05.945 [main] INFO  org.redisson.Version - Redisson 3.11.0
2021-05-15 11:26:09.134 [main] WARN  org.springframework.boot.web.servlet.context.AnnotationConfigServletWebServerApplicationContext - Exception encountered during context initialization - cancelling refresh attempt: org.springframework.beans.factory.UnsatisfiedDependencyException: Error creating bean with name 'distributionLockHandlerRedis' defined in file [D:\Java\project\admin\like-admin\sika-code-core\target\classes\com\sika\code\lock\redis\distribution\DistributionLockHandlerRedis.class]: Unsatisfied dependency expressed through constructor parameter 0; nested exception is org.springframework.beans.factory.BeanCreationException: Error creating bean with name 'redissonSingle' defined in class path resource [com/sika/code/lock/redis/config/RedissonConfig$RedissonSingleClientConfiguration.class]: Bean instantiation via factory method failed; nested exception is org.springframework.beans.BeanInstantiationException: Failed to instantiate [org.redisson.api.RedissonClient]: Factory method 'redissonSingle' threw exception; nested exception is java.lang.IllegalArgumentException: port out of range:-1
2021-05-15 11:26:09.144 [main] INFO  org.apache.catalina.core.StandardService - Stopping service [Tomcat]
2021-05-15 11:26:09.163 [main] INFO  org.springframework.boot.autoconfigure.logging.ConditionEvaluationReportLoggingListener - 

Error starting ApplicationContext. To display the conditions report re-run your application with 'debug' enabled.
2021-05-15 11:26:09.195 [main] ERROR org.springframework.boot.SpringApplication - Application run failed
org.springframework.beans.factory.UnsatisfiedDependencyException: Error creating bean with name 'distributionLockHandlerRedis' defined in file [D:\Java\project\admin\like-admin\sika-code-core\target\classes\com\sika\code\lock\redis\distribution\DistributionLockHandlerRedis.class]: Unsatisfied dependency expressed through constructor parameter 0; nested exception is org.springframework.beans.factory.BeanCreationException: Error creating bean with name 'redissonSingle' defined in class path resource [com/sika/code/lock/redis/config/RedissonConfig$RedissonSingleClientConfiguration.class]: Bean instantiation via factory method failed; nested exception is org.springframework.beans.BeanInstantiationException: Failed to instantiate [org.redisson.api.RedissonClient]: Factory method 'redissonSingle' threw exception; nested exception is java.lang.IllegalArgumentException: port out of range:-1
	at org.springframework.beans.factory.support.ConstructorResolver.createArgumentArray(ConstructorResolver.java:800)
	at org.springframework.beans.factory.support.ConstructorResolver.autowireConstructor(ConstructorResolver.java:229)
	at org.springframework.beans.factory.support.AbstractAutowireCapableBeanFactory.autowireConstructor(AbstractAutowireCapableBeanFactory.java:1354)
	at org.springframework.beans.factory.support.AbstractAutowireCapableBeanFactory.createBeanInstance(AbstractAutowireCapableBeanFactory.java:1204)
	at org.springframework.beans.factory.support.AbstractAutowireCapableBeanFactory.doCreateBean(AbstractAutowireCapableBeanFactory.java:564)
	at org.springframework.beans.factory.support.AbstractAutowireCapableBeanFactory.createBean(AbstractAutowireCapableBeanFactory.java:524)
	at org.springframework.beans.factory.support.AbstractBeanFactory.lambda$doGetBean$0(AbstractBeanFactory.java:335)
	at org.springframework.beans.factory.support.DefaultSingletonBeanRegistry.getSingleton(DefaultSingletonBeanRegistry.java:234)
	at org.springframework.beans.factory.support.AbstractBeanFactory.doGetBean(AbstractBeanFactory.java:333)
	at org.springframework.beans.factory.support.AbstractBeanFactory.getBean(AbstractBeanFactory.java:208)
	at org.springframework.beans.factory.support.DefaultListableBeanFactory.preInstantiateSingletons(DefaultListableBeanFactory.java:944)
	at org.springframework.context.support.AbstractApplicationContext.finishBeanFactoryInitialization(AbstractApplicationContext.java:918)
	at org.springframework.context.support.AbstractApplicationContext.refresh(AbstractApplicationContext.java:583)
	at org.springframework.boot.web.servlet.context.ServletWebServerApplicationContext.refresh(ServletWebServerApplicationContext.java:144)
	at org.springframework.boot.SpringApplication.refresh(SpringApplication.java:782)
	at org.springframework.boot.SpringApplication.refresh(SpringApplication.java:774)
	at org.springframework.boot.SpringApplication.refreshContext(SpringApplication.java:439)
	at org.springframework.boot.SpringApplication.run(SpringApplication.java:339)
	at org.springframework.boot.SpringApplication.run(SpringApplication.java:1340)
	at org.springframework.boot.SpringApplication.run(SpringApplication.java:1329)
	at cn.like.code.server.AdminApplication.main(AdminApplication.java:21)
Caused by: org.springframework.beans.factory.BeanCreationException: Error creating bean with name 'redissonSingle' defined in class path resource [com/sika/code/lock/redis/config/RedissonConfig$RedissonSingleClientConfiguration.class]: Bean instantiation via factory method failed; nested exception is org.springframework.beans.BeanInstantiationException: Failed to instantiate [org.redisson.api.RedissonClient]: Factory method 'redissonSingle' threw exception; nested exception is java.lang.IllegalArgumentException: port out of range:-1
	at org.springframework.beans.factory.support.ConstructorResolver.instantiate(ConstructorResolver.java:658)
	at org.springframework.beans.factory.support.ConstructorResolver.instantiateUsingFactoryMethod(ConstructorResolver.java:486)
	at org.springframework.beans.factory.support.AbstractAutowireCapableBeanFactory.instantiateUsingFactoryMethod(AbstractAutowireCapableBeanFactory.java:1334)
	at org.springframework.beans.factory.support.AbstractAutowireCapableBeanFactory.createBeanInstance(AbstractAutowireCapableBeanFactory.java:1177)
	at org.springframework.beans.factory.support.AbstractAutowireCapableBeanFactory.doCreateBean(AbstractAutowireCapableBeanFactory.java:564)
	at org.springframework.beans.factory.support.AbstractAutowireCapableBeanFactory.createBean(AbstractAutowireCapableBeanFactory.java:524)
	at org.springframework.beans.factory.support.AbstractBeanFactory.lambda$doGetBean$0(AbstractBeanFactory.java:335)
	at org.springframework.beans.factory.support.DefaultSingletonBeanRegistry.getSingleton(DefaultSingletonBeanRegistry.java:234)
	at org.springframework.beans.factory.support.AbstractBeanFactory.doGetBean(AbstractBeanFactory.java:333)
	at org.springframework.beans.factory.support.AbstractBeanFactory.getBean(AbstractBeanFactory.java:208)
	at org.springframework.beans.factory.config.DependencyDescriptor.resolveCandidate(DependencyDescriptor.java:276)
	at org.springframework.beans.factory.support.DefaultListableBeanFactory.doResolveDependency(DefaultListableBeanFactory.java:1380)
	at org.springframework.beans.factory.support.DefaultListableBeanFactory.resolveDependency(DefaultListableBeanFactory.java:1300)
	at org.springframework.beans.factory.support.ConstructorResolver.resolveAutowiredArgument(ConstructorResolver.java:887)
	at org.springframework.beans.factory.support.ConstructorResolver.createArgumentArray(ConstructorResolver.java:791)
	... 20 common frames omitted
Caused by: org.springframework.beans.BeanInstantiationException: Failed to instantiate [org.redisson.api.RedissonClient]: Factory method 'redissonSingle' threw exception; nested exception is java.lang.IllegalArgumentException: port out of range:-1
	at org.springframework.beans.factory.support.SimpleInstantiationStrategy.instantiate(SimpleInstantiationStrategy.java:185)
	at org.springframework.beans.factory.support.ConstructorResolver.instantiate(ConstructorResolver.java:653)
	... 34 common frames omitted
Caused by: java.lang.IllegalArgumentException: port out of range:-1
	at java.net.InetSocketAddress.checkPort(InetSocketAddress.java:143)
	at java.net.InetSocketAddress.<init>(InetSocketAddress.java:188)
	at org.redisson.client.RedisClient.resolveAddr(RedisClient.java:175)
	at org.redisson.connection.MasterSlaveEntry.setupMasterEntry(MasterSlaveEntry.java:123)
	at org.redisson.connection.MasterSlaveEntry.setupMasterEntry(MasterSlaveEntry.java:118)
	at org.redisson.connection.MasterSlaveConnectionManager.initSingleEntry(MasterSlaveConnectionManager.java:345)
	at org.redisson.connection.MasterSlaveConnectionManager.<init>(MasterSlaveConnectionManager.java:163)
	at org.redisson.connection.SingleConnectionManager.<init>(SingleConnectionManager.java:34)
	at org.redisson.config.ConfigSupport.createConnectionManager(ConfigSupport.java:229)
	at org.redisson.Redisson.<init>(Redisson.java:120)
	at org.redisson.Redisson.create(Redisson.java:160)
	at com.sika.code.lock.redis.config.RedissonConfig$RedissonSingleClientConfiguration.redissonSingle(RedissonConfig.java:63)
	at com.sika.code.lock.redis.config.RedissonConfig$RedissonSingleClientConfiguration$$EnhancerBySpringCGLIB$$1f3760f.CGLIB$redissonSingle$1(<generated>)
	at com.sika.code.lock.redis.config.RedissonConfig$RedissonSingleClientConfiguration$$EnhancerBySpringCGLIB$$1f3760f$$FastClassBySpringCGLIB$$2a93ee5d.invoke(<generated>)
	at org.springframework.cglib.proxy.MethodProxy.invokeSuper(MethodProxy.java:244)
	at org.springframework.context.annotation.ConfigurationClassEnhancer$BeanMethodInterceptor.intercept(ConfigurationClassEnhancer.java:331)
	at com.sika.code.lock.redis.config.RedissonConfig$RedissonSingleClientConfiguration$$EnhancerBySpringCGLIB$$1f3760f.redissonSingle(<generated>)
	at sun.reflect.NativeMethodAccessorImpl.invoke0(Native Method)
	at sun.reflect.NativeMethodAccessorImpl.invoke(NativeMethodAccessorImpl.java:62)
	at sun.reflect.DelegatingMethodAccessorImpl.invoke(DelegatingMethodAccessorImpl.java:43)
	at java.lang.reflect.Method.invoke(Method.java:498)
	at org.springframework.beans.factory.support.SimpleInstantiationStrategy.instantiate(SimpleInstantiationStrategy.java:154)
	... 35 common frames omitted
2021-05-15 11:28:53.528 [main] INFO  cn.like.code.server.AdminApplication - Starting AdminApplication using Java 1.8.0_151 on like with PID 12156 (D:\Java\project\admin\like-admin\like-web-server\target\classes started by pdd20 in D:\Java\project\admin\like-admin)
2021-05-15 11:28:53.531 [main] INFO  cn.like.code.server.AdminApplication - The following profiles are active: develop
2021-05-15 11:28:55.760 [main] INFO  org.springframework.data.repository.config.RepositoryConfigurationDelegate - Multiple Spring Data modules found, entering strict repository configuration mode!
2021-05-15 11:28:55.763 [main] INFO  org.springframework.data.repository.config.RepositoryConfigurationDelegate - Bootstrapping Spring Data Redis repositories in DEFAULT mode.
2021-05-15 11:28:55.804 [main] INFO  org.springframework.data.repository.config.RepositoryConfigurationDelegate - Finished Spring Data repository scanning in 21 ms. Found 0 Redis repository interfaces.
2021-05-15 11:28:57.024 [main] INFO  org.springframework.boot.web.embedded.tomcat.TomcatWebServer - Tomcat initialized with port(s): 8101 (http)
2021-05-15 11:28:57.033 [main] INFO  org.apache.coyote.http11.Http11NioProtocol - Initializing ProtocolHandler ["http-nio-8101"]
2021-05-15 11:28:57.033 [main] INFO  org.apache.catalina.core.StandardService - Starting service [Tomcat]
2021-05-15 11:28:57.034 [main] INFO  org.apache.catalina.core.StandardEngine - Starting Servlet engine: [Apache Tomcat/9.0.45]
2021-05-15 11:28:57.123 [main] INFO  org.apache.catalina.core.ContainerBase.[Tomcat].[localhost].[/] - Initializing Spring embedded WebApplicationContext
2021-05-15 11:28:57.123 [main] INFO  org.springframework.boot.web.servlet.context.ServletWebServerApplicationContext - Root WebApplicationContext: initialization completed in 3174 ms
2021-05-15 11:28:58.910 [main] INFO  org.redisson.Version - Redisson 3.11.0
2021-05-15 11:29:02.171 [main] WARN  org.springframework.boot.web.servlet.context.AnnotationConfigServletWebServerApplicationContext - Exception encountered during context initialization - cancelling refresh attempt: org.springframework.beans.factory.UnsatisfiedDependencyException: Error creating bean with name 'distributionLockHandlerRedis' defined in file [D:\Java\project\admin\like-admin\sika-code-core\target\classes\com\sika\code\lock\redis\distribution\DistributionLockHandlerRedis.class]: Unsatisfied dependency expressed through constructor parameter 0; nested exception is org.springframework.beans.factory.BeanCreationException: Error creating bean with name 'redissonSingle' defined in class path resource [com/sika/code/lock/redis/config/RedissonConfig$RedissonSingleClientConfiguration.class]: Bean instantiation via factory method failed; nested exception is org.springframework.beans.BeanInstantiationException: Failed to instantiate [org.redisson.api.RedissonClient]: Factory method 'redissonSingle' threw exception; nested exception is java.lang.IllegalArgumentException: port out of range:-1
2021-05-15 11:29:02.185 [main] INFO  org.apache.catalina.core.StandardService - Stopping service [Tomcat]
2021-05-15 11:29:02.203 [main] INFO  org.springframework.boot.autoconfigure.logging.ConditionEvaluationReportLoggingListener - 

Error starting ApplicationContext. To display the conditions report re-run your application with 'debug' enabled.
2021-05-15 11:29:02.227 [main] ERROR org.springframework.boot.SpringApplication - Application run failed
org.springframework.beans.factory.UnsatisfiedDependencyException: Error creating bean with name 'distributionLockHandlerRedis' defined in file [D:\Java\project\admin\like-admin\sika-code-core\target\classes\com\sika\code\lock\redis\distribution\DistributionLockHandlerRedis.class]: Unsatisfied dependency expressed through constructor parameter 0; nested exception is org.springframework.beans.factory.BeanCreationException: Error creating bean with name 'redissonSingle' defined in class path resource [com/sika/code/lock/redis/config/RedissonConfig$RedissonSingleClientConfiguration.class]: Bean instantiation via factory method failed; nested exception is org.springframework.beans.BeanInstantiationException: Failed to instantiate [org.redisson.api.RedissonClient]: Factory method 'redissonSingle' threw exception; nested exception is java.lang.IllegalArgumentException: port out of range:-1
	at org.springframework.beans.factory.support.ConstructorResolver.createArgumentArray(ConstructorResolver.java:800)
	at org.springframework.beans.factory.support.ConstructorResolver.autowireConstructor(ConstructorResolver.java:229)
	at org.springframework.beans.factory.support.AbstractAutowireCapableBeanFactory.autowireConstructor(AbstractAutowireCapableBeanFactory.java:1354)
	at org.springframework.beans.factory.support.AbstractAutowireCapableBeanFactory.createBeanInstance(AbstractAutowireCapableBeanFactory.java:1204)
	at org.springframework.beans.factory.support.AbstractAutowireCapableBeanFactory.doCreateBean(AbstractAutowireCapableBeanFactory.java:564)
	at org.springframework.beans.factory.support.AbstractAutowireCapableBeanFactory.createBean(AbstractAutowireCapableBeanFactory.java:524)
	at org.springframework.beans.factory.support.AbstractBeanFactory.lambda$doGetBean$0(AbstractBeanFactory.java:335)
	at org.springframework.beans.factory.support.DefaultSingletonBeanRegistry.getSingleton(DefaultSingletonBeanRegistry.java:234)
	at org.springframework.beans.factory.support.AbstractBeanFactory.doGetBean(AbstractBeanFactory.java:333)
	at org.springframework.beans.factory.support.AbstractBeanFactory.getBean(AbstractBeanFactory.java:208)
	at org.springframework.beans.factory.support.DefaultListableBeanFactory.preInstantiateSingletons(DefaultListableBeanFactory.java:944)
	at org.springframework.context.support.AbstractApplicationContext.finishBeanFactoryInitialization(AbstractApplicationContext.java:918)
	at org.springframework.context.support.AbstractApplicationContext.refresh(AbstractApplicationContext.java:583)
	at org.springframework.boot.web.servlet.context.ServletWebServerApplicationContext.refresh(ServletWebServerApplicationContext.java:144)
	at org.springframework.boot.SpringApplication.refresh(SpringApplication.java:782)
	at org.springframework.boot.SpringApplication.refresh(SpringApplication.java:774)
	at org.springframework.boot.SpringApplication.refreshContext(SpringApplication.java:439)
	at org.springframework.boot.SpringApplication.run(SpringApplication.java:339)
	at org.springframework.boot.SpringApplication.run(SpringApplication.java:1340)
	at org.springframework.boot.SpringApplication.run(SpringApplication.java:1329)
	at cn.like.code.server.AdminApplication.main(AdminApplication.java:21)
Caused by: org.springframework.beans.factory.BeanCreationException: Error creating bean with name 'redissonSingle' defined in class path resource [com/sika/code/lock/redis/config/RedissonConfig$RedissonSingleClientConfiguration.class]: Bean instantiation via factory method failed; nested exception is org.springframework.beans.BeanInstantiationException: Failed to instantiate [org.redisson.api.RedissonClient]: Factory method 'redissonSingle' threw exception; nested exception is java.lang.IllegalArgumentException: port out of range:-1
	at org.springframework.beans.factory.support.ConstructorResolver.instantiate(ConstructorResolver.java:658)
	at org.springframework.beans.factory.support.ConstructorResolver.instantiateUsingFactoryMethod(ConstructorResolver.java:486)
	at org.springframework.beans.factory.support.AbstractAutowireCapableBeanFactory.instantiateUsingFactoryMethod(AbstractAutowireCapableBeanFactory.java:1334)
	at org.springframework.beans.factory.support.AbstractAutowireCapableBeanFactory.createBeanInstance(AbstractAutowireCapableBeanFactory.java:1177)
	at org.springframework.beans.factory.support.AbstractAutowireCapableBeanFactory.doCreateBean(AbstractAutowireCapableBeanFactory.java:564)
	at org.springframework.beans.factory.support.AbstractAutowireCapableBeanFactory.createBean(AbstractAutowireCapableBeanFactory.java:524)
	at org.springframework.beans.factory.support.AbstractBeanFactory.lambda$doGetBean$0(AbstractBeanFactory.java:335)
	at org.springframework.beans.factory.support.DefaultSingletonBeanRegistry.getSingleton(DefaultSingletonBeanRegistry.java:234)
	at org.springframework.beans.factory.support.AbstractBeanFactory.doGetBean(AbstractBeanFactory.java:333)
	at org.springframework.beans.factory.support.AbstractBeanFactory.getBean(AbstractBeanFactory.java:208)
	at org.springframework.beans.factory.config.DependencyDescriptor.resolveCandidate(DependencyDescriptor.java:276)
	at org.springframework.beans.factory.support.DefaultListableBeanFactory.doResolveDependency(DefaultListableBeanFactory.java:1380)
	at org.springframework.beans.factory.support.DefaultListableBeanFactory.resolveDependency(DefaultListableBeanFactory.java:1300)
	at org.springframework.beans.factory.support.ConstructorResolver.resolveAutowiredArgument(ConstructorResolver.java:887)
	at org.springframework.beans.factory.support.ConstructorResolver.createArgumentArray(ConstructorResolver.java:791)
	... 20 common frames omitted
Caused by: org.springframework.beans.BeanInstantiationException: Failed to instantiate [org.redisson.api.RedissonClient]: Factory method 'redissonSingle' threw exception; nested exception is java.lang.IllegalArgumentException: port out of range:-1
	at org.springframework.beans.factory.support.SimpleInstantiationStrategy.instantiate(SimpleInstantiationStrategy.java:185)
	at org.springframework.beans.factory.support.ConstructorResolver.instantiate(ConstructorResolver.java:653)
	... 34 common frames omitted
Caused by: java.lang.IllegalArgumentException: port out of range:-1
	at java.net.InetSocketAddress.checkPort(InetSocketAddress.java:143)
	at java.net.InetSocketAddress.<init>(InetSocketAddress.java:188)
	at org.redisson.client.RedisClient.resolveAddr(RedisClient.java:175)
	at org.redisson.connection.MasterSlaveEntry.setupMasterEntry(MasterSlaveEntry.java:123)
	at org.redisson.connection.MasterSlaveEntry.setupMasterEntry(MasterSlaveEntry.java:118)
	at org.redisson.connection.MasterSlaveConnectionManager.initSingleEntry(MasterSlaveConnectionManager.java:345)
	at org.redisson.connection.MasterSlaveConnectionManager.<init>(MasterSlaveConnectionManager.java:163)
	at org.redisson.connection.SingleConnectionManager.<init>(SingleConnectionManager.java:34)
	at org.redisson.config.ConfigSupport.createConnectionManager(ConfigSupport.java:229)
	at org.redisson.Redisson.<init>(Redisson.java:120)
	at org.redisson.Redisson.create(Redisson.java:160)
	at com.sika.code.lock.redis.config.RedissonConfig$RedissonSingleClientConfiguration.redissonSingle(RedissonConfig.java:63)
	at com.sika.code.lock.redis.config.RedissonConfig$RedissonSingleClientConfiguration$$EnhancerBySpringCGLIB$$ff5cb3d5.CGLIB$redissonSingle$0(<generated>)
	at com.sika.code.lock.redis.config.RedissonConfig$RedissonSingleClientConfiguration$$EnhancerBySpringCGLIB$$ff5cb3d5$$FastClassBySpringCGLIB$$af71ee66.invoke(<generated>)
	at org.springframework.cglib.proxy.MethodProxy.invokeSuper(MethodProxy.java:244)
	at org.springframework.context.annotation.ConfigurationClassEnhancer$BeanMethodInterceptor.intercept(ConfigurationClassEnhancer.java:331)
	at com.sika.code.lock.redis.config.RedissonConfig$RedissonSingleClientConfiguration$$EnhancerBySpringCGLIB$$ff5cb3d5.redissonSingle(<generated>)
	at sun.reflect.NativeMethodAccessorImpl.invoke0(Native Method)
	at sun.reflect.NativeMethodAccessorImpl.invoke(NativeMethodAccessorImpl.java:62)
	at sun.reflect.DelegatingMethodAccessorImpl.invoke(DelegatingMethodAccessorImpl.java:43)
	at java.lang.reflect.Method.invoke(Method.java:498)
	at org.springframework.beans.factory.support.SimpleInstantiationStrategy.instantiate(SimpleInstantiationStrategy.java:154)
	... 35 common frames omitted
2021-05-15 11:33:25.701 [main] INFO  cn.like.code.server.AdminApplication - Starting AdminApplication using Java 1.8.0_151 on like with PID 9900 (D:\Java\project\admin\like-admin\like-web-server\target\classes started by pdd20 in D:\Java\project\admin\like-admin)
2021-05-15 11:33:25.703 [main] INFO  cn.like.code.server.AdminApplication - The following profiles are active: develop
2021-05-15 11:33:27.639 [main] INFO  org.springframework.data.repository.config.RepositoryConfigurationDelegate - Multiple Spring Data modules found, entering strict repository configuration mode!
2021-05-15 11:33:27.642 [main] INFO  org.springframework.data.repository.config.RepositoryConfigurationDelegate - Bootstrapping Spring Data Redis repositories in DEFAULT mode.
2021-05-15 11:33:27.674 [main] INFO  org.springframework.data.repository.config.RepositoryConfigurationDelegate - Finished Spring Data repository scanning in 17 ms. Found 0 Redis repository interfaces.
2021-05-15 11:33:29.005 [main] INFO  org.springframework.boot.web.embedded.tomcat.TomcatWebServer - Tomcat initialized with port(s): 8101 (http)
2021-05-15 11:33:29.014 [main] INFO  org.apache.coyote.http11.Http11NioProtocol - Initializing ProtocolHandler ["http-nio-8101"]
2021-05-15 11:33:29.015 [main] INFO  org.apache.catalina.core.StandardService - Starting service [Tomcat]
2021-05-15 11:33:29.015 [main] INFO  org.apache.catalina.core.StandardEngine - Starting Servlet engine: [Apache Tomcat/9.0.45]
2021-05-15 11:33:29.106 [main] INFO  org.apache.catalina.core.ContainerBase.[Tomcat].[localhost].[/] - Initializing Spring embedded WebApplicationContext
2021-05-15 11:33:29.106 [main] INFO  org.springframework.boot.web.servlet.context.ServletWebServerApplicationContext - Root WebApplicationContext: initialization completed in 3029 ms
2021-05-15 11:33:30.855 [main] INFO  org.redisson.Version - Redisson 3.11.0
2021-05-15 11:33:32.501 [redisson-netty-4-3] INFO  org.redisson.connection.pool.MasterPubSubConnectionPool - 1 connections initialized for 127.0.0.1/127.0.0.1:6379
2021-05-15 11:33:35.035 [main] INFO  org.springframework.scheduling.concurrent.ThreadPoolTaskExecutor - Initializing ExecutorService 'applicationTaskExecutor'
2021-05-15 11:33:35.851 [main] INFO  org.springframework.boot.autoconfigure.security.servlet.UserDetailsServiceAutoConfiguration - 

Using generated security password: 7e1b2052-8fa0-4e85-b39c-42f4caebeb8e

2021-05-15 11:33:36.085 [main] INFO  org.springframework.security.web.DefaultSecurityFilterChain - Will secure any request with [org.springframework.security.web.context.request.async.WebAsyncManagerIntegrationFilter@2ae88712, org.springframework.security.web.context.SecurityContextPersistenceFilter@1afa048a, org.springframework.security.web.header.HeaderWriterFilter@69abeb14, org.springframework.security.web.csrf.CsrfFilter@13018f00, org.springframework.security.web.authentication.logout.LogoutFilter@3cab07dd, org.springframework.security.web.authentication.UsernamePasswordAuthenticationFilter@5dac6bc3, org.springframework.security.web.authentication.ui.DefaultLoginPageGeneratingFilter@4c0bfe9e, org.springframework.security.web.authentication.ui.DefaultLogoutPageGeneratingFilter@10508ba6, org.springframework.security.web.authentication.www.BasicAuthenticationFilter@7d563c13, org.springframework.security.web.savedrequest.RequestCacheAwareFilter@4d90d91f, org.springframework.security.web.servletapi.SecurityContextHolderAwareRequestFilter@3a7dcfb7, org.springframework.security.web.authentication.AnonymousAuthenticationFilter@da11873, org.springframework.security.web.session.SessionManagementFilter@544e6b, org.springframework.security.web.access.ExceptionTranslationFilter@2ffcdc9b, org.springframework.security.web.access.intercept.FilterSecurityInterceptor@1fe7fa16]
2021-05-15 11:33:37.624 [main] INFO  org.springframework.boot.actuate.endpoint.web.EndpointLinksResolver - Exposing 2 endpoint(s) beneath base path '/actuator'
2021-05-15 11:33:37.732 [main] INFO  org.apache.coyote.http11.Http11NioProtocol - Starting ProtocolHandler ["http-nio-8101"]
2021-05-15 11:33:37.746 [main] INFO  org.springframework.boot.web.embedded.tomcat.TomcatWebServer - Tomcat started on port(s): 8101 (http) with context path ''
2021-05-15 11:33:39.300 [main] INFO  org.springframework.scheduling.annotation.ScheduledAnnotationBeanPostProcessor - No TaskScheduler/ScheduledExecutorService bean found for scheduled processing
2021-05-15 11:33:39.318 [main] INFO  cn.like.code.server.AdminApplication - Started AdminApplication in 16.056 seconds (JVM running for 19.048)
2021-05-15 11:33:39.611 [RMI TCP Connection(3)-192.168.42.123] INFO  org.apache.catalina.core.ContainerBase.[Tomcat].[localhost].[/] - Initializing Spring DispatcherServlet 'dispatcherServlet'
2021-05-15 11:33:39.612 [RMI TCP Connection(3)-192.168.42.123] INFO  org.springframework.web.servlet.DispatcherServlet - Initializing Servlet 'dispatcherServlet'
2021-05-15 11:33:39.614 [RMI TCP Connection(3)-192.168.42.123] INFO  org.springframework.web.servlet.DispatcherServlet - Completed initialization in 2 ms
2021-05-15 11:33:41.321 [RMI TCP Connection(5)-192.168.42.123] INFO  org.springframework.amqp.rabbit.connection.CachingConnectionFactory - Attempting to connect to: [120.78.74.169:5672]
2021-05-15 11:34:02.366 [RMI TCP Connection(5)-192.168.42.123] WARN  org.springframework.boot.actuate.amqp.RabbitHealthIndicator - Rabbit health check failed
org.springframework.amqp.AmqpConnectException: java.net.ConnectException: Connection timed out: connect
	at org.springframework.amqp.rabbit.support.RabbitExceptionTranslator.convertRabbitAccessException(RabbitExceptionTranslator.java:61)
	at org.springframework.amqp.rabbit.connection.AbstractConnectionFactory.createBareConnection(AbstractConnectionFactory.java:602)
	at org.springframework.amqp.rabbit.connection.CachingConnectionFactory.createConnection(CachingConnectionFactory.java:724)
	at org.springframework.amqp.rabbit.connection.ConnectionFactoryUtils.createConnection(ConnectionFactoryUtils.java:216)
	at org.springframework.amqp.rabbit.core.RabbitTemplate.doExecute(RabbitTemplate.java:2132)
	at org.springframework.amqp.rabbit.core.RabbitTemplate.execute(RabbitTemplate.java:2105)
	at org.springframework.amqp.rabbit.core.RabbitTemplate.execute(RabbitTemplate.java:2085)
	at org.springframework.boot.actuate.amqp.RabbitHealthIndicator.getVersion(RabbitHealthIndicator.java:49)
	at org.springframework.boot.actuate.amqp.RabbitHealthIndicator.doHealthCheck(RabbitHealthIndicator.java:44)
	at org.springframework.boot.actuate.health.AbstractHealthIndicator.health(AbstractHealthIndicator.java:82)
	at org.springframework.boot.actuate.health.HealthIndicator.getHealth(HealthIndicator.java:37)
	at org.springframework.boot.actuate.health.HealthEndpoint.getHealth(HealthEndpoint.java:71)
	at org.springframework.boot.actuate.health.HealthEndpoint.getHealth(HealthEndpoint.java:39)
	at org.springframework.boot.actuate.health.HealthEndpointSupport.getContribution(HealthEndpointSupport.java:99)
	at org.springframework.boot.actuate.health.HealthEndpointSupport.getAggregateHealth(HealthEndpointSupport.java:110)
	at org.springframework.boot.actuate.health.HealthEndpointSupport.getContribution(HealthEndpointSupport.java:96)
	at org.springframework.boot.actuate.health.HealthEndpointSupport.getHealth(HealthEndpointSupport.java:74)
	at org.springframework.boot.actuate.health.HealthEndpointSupport.getHealth(HealthEndpointSupport.java:61)
	at org.springframework.boot.actuate.health.HealthEndpoint.health(HealthEndpoint.java:65)
	at org.springframework.boot.actuate.health.HealthEndpoint.health(HealthEndpoint.java:55)
	at sun.reflect.NativeMethodAccessorImpl.invoke0(Native Method)
	at sun.reflect.NativeMethodAccessorImpl.invoke(NativeMethodAccessorImpl.java:62)
	at sun.reflect.DelegatingMethodAccessorImpl.invoke(DelegatingMethodAccessorImpl.java:43)
	at java.lang.reflect.Method.invoke(Method.java:498)
	at org.springframework.util.ReflectionUtils.invokeMethod(ReflectionUtils.java:282)
	at org.springframework.boot.actuate.endpoint.invoke.reflect.ReflectiveOperationInvoker.invoke(ReflectiveOperationInvoker.java:77)
	at org.springframework.boot.actuate.endpoint.annotation.AbstractDiscoveredOperation.invoke(AbstractDiscoveredOperation.java:60)
	at org.springframework.boot.actuate.endpoint.jmx.EndpointMBean.invoke(EndpointMBean.java:121)
	at org.springframework.boot.actuate.endpoint.jmx.EndpointMBean.invoke(EndpointMBean.java:96)
	at com.sun.jmx.interceptor.DefaultMBeanServerInterceptor.invoke(DefaultMBeanServerInterceptor.java:819)
	at com.sun.jmx.mbeanserver.JmxMBeanServer.invoke(JmxMBeanServer.java:801)
	at javax.management.remote.rmi.RMIConnectionImpl.doOperation(RMIConnectionImpl.java:1468)
	at javax.management.remote.rmi.RMIConnectionImpl.access$300(RMIConnectionImpl.java:76)
	at javax.management.remote.rmi.RMIConnectionImpl$PrivilegedOperation.run(RMIConnectionImpl.java:1309)
	at javax.management.remote.rmi.RMIConnectionImpl.doPrivilegedOperation(RMIConnectionImpl.java:1401)
	at javax.management.remote.rmi.RMIConnectionImpl.invoke(RMIConnectionImpl.java:829)
	at sun.reflect.GeneratedMethodAccessor106.invoke(Unknown Source)
	at sun.reflect.DelegatingMethodAccessorImpl.invoke(DelegatingMethodAccessorImpl.java:43)
	at java.lang.reflect.Method.invoke(Method.java:498)
	at sun.rmi.server.UnicastServerRef.dispatch(UnicastServerRef.java:357)
	at sun.rmi.transport.Transport$1.run(Transport.java:200)
	at sun.rmi.transport.Transport$1.run(Transport.java:197)
	at java.security.AccessController.doPrivileged(Native Method)
	at sun.rmi.transport.Transport.serviceCall(Transport.java:196)
	at sun.rmi.transport.tcp.TCPTransport.handleMessages(TCPTransport.java:568)
	at sun.rmi.transport.tcp.TCPTransport$ConnectionHandler.run0(TCPTransport.java:826)
	at sun.rmi.transport.tcp.TCPTransport$ConnectionHandler.lambda$run$0(TCPTransport.java:683)
	at java.security.AccessController.doPrivileged(Native Method)
	at sun.rmi.transport.tcp.TCPTransport$ConnectionHandler.run(TCPTransport.java:682)
	at java.util.concurrent.ThreadPoolExecutor.runWorker(ThreadPoolExecutor.java:1149)
	at java.util.concurrent.ThreadPoolExecutor$Worker.run(ThreadPoolExecutor.java:624)
	at java.lang.Thread.run(Thread.java:748)
Caused by: java.net.ConnectException: Connection timed out: connect
	at java.net.DualStackPlainSocketImpl.waitForConnect(Native Method)
	at java.net.DualStackPlainSocketImpl.socketConnect(DualStackPlainSocketImpl.java:85)
	at java.net.AbstractPlainSocketImpl.doConnect(AbstractPlainSocketImpl.java:350)
	at java.net.AbstractPlainSocketImpl.connectToAddress(AbstractPlainSocketImpl.java:206)
	at java.net.AbstractPlainSocketImpl.connect(AbstractPlainSocketImpl.java:188)
	at java.net.PlainSocketImpl.connect(PlainSocketImpl.java:172)
	at java.net.SocksSocketImpl.connect(SocksSocketImpl.java:392)
	at java.net.Socket.connect(Socket.java:589)
	at com.rabbitmq.client.impl.SocketFrameHandlerFactory.create(SocketFrameHandlerFactory.java:60)
	at com.rabbitmq.client.ConnectionFactory.newConnection(ConnectionFactory.java:1137)
	at com.rabbitmq.client.ConnectionFactory.newConnection(ConnectionFactory.java:1087)
	at org.springframework.amqp.rabbit.connection.AbstractConnectionFactory.connectAddresses(AbstractConnectionFactory.java:638)
	at org.springframework.amqp.rabbit.connection.AbstractConnectionFactory.connect(AbstractConnectionFactory.java:613)
	at org.springframework.amqp.rabbit.connection.AbstractConnectionFactory.createBareConnection(AbstractConnectionFactory.java:565)
	... 50 common frames omitted
2021-05-15 11:34:02.371 [RMI TCP Connection(5)-192.168.42.123] WARN  com.zaxxer.hikari.HikariConfig - DatebookHikariCP - idleTimeout is close to or more than maxLifetime, disabling it.
2021-05-15 11:34:02.371 [RMI TCP Connection(5)-192.168.42.123] INFO  com.zaxxer.hikari.HikariDataSource - DatebookHikariCP - Starting...
2021-05-15 11:34:02.525 [RMI TCP Connection(5)-192.168.42.123] INFO  com.zaxxer.hikari.HikariDataSource - DatebookHikariCP - Start completed.
2021-05-15 11:41:59.993 [main] INFO  cn.like.code.server.AdminApplication - Starting AdminApplication using Java 1.8.0_151 on like with PID 11036 (D:\Java\project\admin\like-admin\like-web-server\target\classes started by pdd20 in D:\Java\project\admin\like-admin)
2021-05-15 11:41:59.995 [main] INFO  cn.like.code.server.AdminApplication - The following profiles are active: develop
2021-05-15 11:42:02.013 [main] INFO  org.springframework.data.repository.config.RepositoryConfigurationDelegate - Multiple Spring Data modules found, entering strict repository configuration mode!
2021-05-15 11:42:02.016 [main] INFO  org.springframework.data.repository.config.RepositoryConfigurationDelegate - Bootstrapping Spring Data Redis repositories in DEFAULT mode.
2021-05-15 11:42:02.050 [main] INFO  org.springframework.data.repository.config.RepositoryConfigurationDelegate - Finished Spring Data repository scanning in 19 ms. Found 0 Redis repository interfaces.
2021-05-15 11:42:03.271 [main] INFO  org.springframework.boot.web.embedded.tomcat.TomcatWebServer - Tomcat initialized with port(s): 8101 (http)
2021-05-15 11:42:03.282 [main] INFO  org.apache.coyote.http11.Http11NioProtocol - Initializing ProtocolHandler ["http-nio-8101"]
2021-05-15 11:42:03.283 [main] INFO  org.apache.catalina.core.StandardService - Starting service [Tomcat]
2021-05-15 11:42:03.283 [main] INFO  org.apache.catalina.core.StandardEngine - Starting Servlet engine: [Apache Tomcat/9.0.45]
2021-05-15 11:42:03.387 [main] INFO  org.apache.catalina.core.ContainerBase.[Tomcat].[localhost].[/] - Initializing Spring embedded WebApplicationContext
2021-05-15 11:42:03.387 [main] INFO  org.springframework.boot.web.servlet.context.ServletWebServerApplicationContext - Root WebApplicationContext: initialization completed in 3079 ms
2021-05-15 11:42:05.312 [main] INFO  org.redisson.Version - Redisson 3.11.0
2021-05-15 11:42:08.617 [redisson-netty-4-3] INFO  org.redisson.connection.pool.MasterPubSubConnectionPool - 1 connections initialized for 127.0.0.1/127.0.0.1:6379
2021-05-15 11:42:15.752 [main] INFO  org.springframework.scheduling.concurrent.ThreadPoolTaskExecutor - Initializing ExecutorService 'applicationTaskExecutor'
2021-05-15 11:42:16.988 [main] INFO  org.springframework.boot.autoconfigure.security.servlet.UserDetailsServiceAutoConfiguration - 

Using generated security password: a47ef6a4-5584-41c4-ad82-1b5cd3ff4002

2021-05-15 11:42:17.282 [main] INFO  org.springframework.security.web.DefaultSecurityFilterChain - Will secure any request with [org.springframework.security.web.context.request.async.WebAsyncManagerIntegrationFilter@700202fa, org.springframework.security.web.context.SecurityContextPersistenceFilter@599310ab, org.springframework.security.web.header.HeaderWriterFilter@6d0bcf8c, org.springframework.security.web.csrf.CsrfFilter@71cc0e35, org.springframework.security.web.authentication.logout.LogoutFilter@51e1e058, org.springframework.security.web.authentication.UsernamePasswordAuthenticationFilter@64908ab9, org.springframework.security.web.authentication.ui.DefaultLoginPageGeneratingFilter@1820f274, org.springframework.security.web.authentication.ui.DefaultLogoutPageGeneratingFilter@141234df, org.springframework.security.web.authentication.www.BasicAuthenticationFilter@46d51d5e, org.springframework.security.web.savedrequest.RequestCacheAwareFilter@5274830e, org.springframework.security.web.servletapi.SecurityContextHolderAwareRequestFilter@38874eb5, org.springframework.security.web.authentication.AnonymousAuthenticationFilter@65698020, org.springframework.security.web.session.SessionManagementFilter@21dd9203, org.springframework.security.web.access.ExceptionTranslationFilter@2c1a95a2, org.springframework.security.web.access.intercept.FilterSecurityInterceptor@197180a5]
2021-05-15 11:42:20.031 [main] INFO  org.springframework.boot.actuate.endpoint.web.EndpointLinksResolver - Exposing 2 endpoint(s) beneath base path '/actuator'
2021-05-15 11:42:20.332 [main] INFO  org.apache.coyote.http11.Http11NioProtocol - Starting ProtocolHandler ["http-nio-8101"]
2021-05-15 11:42:20.351 [main] INFO  org.springframework.boot.web.embedded.tomcat.TomcatWebServer - Tomcat started on port(s): 8101 (http) with context path ''
2021-05-15 11:42:22.843 [main] INFO  org.springframework.scheduling.annotation.ScheduledAnnotationBeanPostProcessor - No TaskScheduler/ScheduledExecutorService bean found for scheduled processing
2021-05-15 11:42:22.876 [main] INFO  cn.like.code.server.AdminApplication - Started AdminApplication in 25.902 seconds (JVM running for 30.265)
2021-05-15 11:42:23.448 [RMI TCP Connection(4)-192.168.42.123] INFO  org.springframework.amqp.rabbit.connection.CachingConnectionFactory - Attempting to connect to: [120.78.74.169:5672]
2021-05-15 11:42:24.863 [RMI TCP Connection(6)-192.168.42.123] INFO  org.apache.catalina.core.ContainerBase.[Tomcat].[localhost].[/] - Initializing Spring DispatcherServlet 'dispatcherServlet'
2021-05-15 11:42:24.863 [RMI TCP Connection(6)-192.168.42.123] INFO  org.springframework.web.servlet.DispatcherServlet - Initializing Servlet 'dispatcherServlet'
2021-05-15 11:42:24.865 [RMI TCP Connection(6)-192.168.42.123] INFO  org.springframework.web.servlet.DispatcherServlet - Completed initialization in 2 ms
2021-05-15 11:42:44.499 [RMI TCP Connection(4)-192.168.42.123] WARN  org.springframework.boot.actuate.amqp.RabbitHealthIndicator - Rabbit health check failed
org.springframework.amqp.AmqpConnectException: java.net.ConnectException: Connection timed out: connect
	at org.springframework.amqp.rabbit.support.RabbitExceptionTranslator.convertRabbitAccessException(RabbitExceptionTranslator.java:61)
	at org.springframework.amqp.rabbit.connection.AbstractConnectionFactory.createBareConnection(AbstractConnectionFactory.java:602)
	at org.springframework.amqp.rabbit.connection.CachingConnectionFactory.createConnection(CachingConnectionFactory.java:724)
	at org.springframework.amqp.rabbit.connection.ConnectionFactoryUtils.createConnection(ConnectionFactoryUtils.java:216)
	at org.springframework.amqp.rabbit.core.RabbitTemplate.doExecute(RabbitTemplate.java:2132)
	at org.springframework.amqp.rabbit.core.RabbitTemplate.execute(RabbitTemplate.java:2105)
	at org.springframework.amqp.rabbit.core.RabbitTemplate.execute(RabbitTemplate.java:2085)
	at org.springframework.boot.actuate.amqp.RabbitHealthIndicator.getVersion(RabbitHealthIndicator.java:49)
	at org.springframework.boot.actuate.amqp.RabbitHealthIndicator.doHealthCheck(RabbitHealthIndicator.java:44)
	at org.springframework.boot.actuate.health.AbstractHealthIndicator.health(AbstractHealthIndicator.java:82)
	at org.springframework.boot.actuate.health.HealthIndicator.getHealth(HealthIndicator.java:37)
	at org.springframework.boot.actuate.health.HealthEndpoint.getHealth(HealthEndpoint.java:71)
	at org.springframework.boot.actuate.health.HealthEndpoint.getHealth(HealthEndpoint.java:39)
	at org.springframework.boot.actuate.health.HealthEndpointSupport.getContribution(HealthEndpointSupport.java:99)
	at org.springframework.boot.actuate.health.HealthEndpointSupport.getAggregateHealth(HealthEndpointSupport.java:110)
	at org.springframework.boot.actuate.health.HealthEndpointSupport.getContribution(HealthEndpointSupport.java:96)
	at org.springframework.boot.actuate.health.HealthEndpointSupport.getHealth(HealthEndpointSupport.java:74)
	at org.springframework.boot.actuate.health.HealthEndpointSupport.getHealth(HealthEndpointSupport.java:61)
	at org.springframework.boot.actuate.health.HealthEndpoint.health(HealthEndpoint.java:65)
	at org.springframework.boot.actuate.health.HealthEndpoint.health(HealthEndpoint.java:55)
	at sun.reflect.NativeMethodAccessorImpl.invoke0(Native Method)
	at sun.reflect.NativeMethodAccessorImpl.invoke(NativeMethodAccessorImpl.java:62)
	at sun.reflect.DelegatingMethodAccessorImpl.invoke(DelegatingMethodAccessorImpl.java:43)
	at java.lang.reflect.Method.invoke(Method.java:498)
	at org.springframework.util.ReflectionUtils.invokeMethod(ReflectionUtils.java:282)
	at org.springframework.boot.actuate.endpoint.invoke.reflect.ReflectiveOperationInvoker.invoke(ReflectiveOperationInvoker.java:77)
	at org.springframework.boot.actuate.endpoint.annotation.AbstractDiscoveredOperation.invoke(AbstractDiscoveredOperation.java:60)
	at org.springframework.boot.actuate.endpoint.jmx.EndpointMBean.invoke(EndpointMBean.java:121)
	at org.springframework.boot.actuate.endpoint.jmx.EndpointMBean.invoke(EndpointMBean.java:96)
	at com.sun.jmx.interceptor.DefaultMBeanServerInterceptor.invoke(DefaultMBeanServerInterceptor.java:819)
	at com.sun.jmx.mbeanserver.JmxMBeanServer.invoke(JmxMBeanServer.java:801)
	at javax.management.remote.rmi.RMIConnectionImpl.doOperation(RMIConnectionImpl.java:1468)
	at javax.management.remote.rmi.RMIConnectionImpl.access$300(RMIConnectionImpl.java:76)
	at javax.management.remote.rmi.RMIConnectionImpl$PrivilegedOperation.run(RMIConnectionImpl.java:1309)
	at javax.management.remote.rmi.RMIConnectionImpl.doPrivilegedOperation(RMIConnectionImpl.java:1401)
	at javax.management.remote.rmi.RMIConnectionImpl.invoke(RMIConnectionImpl.java:829)
	at sun.reflect.NativeMethodAccessorImpl.invoke0(Native Method)
	at sun.reflect.NativeMethodAccessorImpl.invoke(NativeMethodAccessorImpl.java:62)
	at sun.reflect.DelegatingMethodAccessorImpl.invoke(DelegatingMethodAccessorImpl.java:43)
	at java.lang.reflect.Method.invoke(Method.java:498)
	at sun.rmi.server.UnicastServerRef.dispatch(UnicastServerRef.java:357)
	at sun.rmi.transport.Transport$1.run(Transport.java:200)
	at sun.rmi.transport.Transport$1.run(Transport.java:197)
	at java.security.AccessController.doPrivileged(Native Method)
	at sun.rmi.transport.Transport.serviceCall(Transport.java:196)
	at sun.rmi.transport.tcp.TCPTransport.handleMessages(TCPTransport.java:568)
	at sun.rmi.transport.tcp.TCPTransport$ConnectionHandler.run0(TCPTransport.java:826)
	at sun.rmi.transport.tcp.TCPTransport$ConnectionHandler.lambda$run$0(TCPTransport.java:683)
	at java.security.AccessController.doPrivileged(Native Method)
	at sun.rmi.transport.tcp.TCPTransport$ConnectionHandler.run(TCPTransport.java:682)
	at java.util.concurrent.ThreadPoolExecutor.runWorker(ThreadPoolExecutor.java:1149)
	at java.util.concurrent.ThreadPoolExecutor$Worker.run(ThreadPoolExecutor.java:624)
	at java.lang.Thread.run(Thread.java:748)
Caused by: java.net.ConnectException: Connection timed out: connect
	at java.net.DualStackPlainSocketImpl.waitForConnect(Native Method)
	at java.net.DualStackPlainSocketImpl.socketConnect(DualStackPlainSocketImpl.java:85)
	at java.net.AbstractPlainSocketImpl.doConnect(AbstractPlainSocketImpl.java:350)
	at java.net.AbstractPlainSocketImpl.connectToAddress(AbstractPlainSocketImpl.java:206)
	at java.net.AbstractPlainSocketImpl.connect(AbstractPlainSocketImpl.java:188)
	at java.net.PlainSocketImpl.connect(PlainSocketImpl.java:172)
	at java.net.SocksSocketImpl.connect(SocksSocketImpl.java:392)
	at java.net.Socket.connect(Socket.java:589)
	at com.rabbitmq.client.impl.SocketFrameHandlerFactory.create(SocketFrameHandlerFactory.java:60)
	at com.rabbitmq.client.ConnectionFactory.newConnection(ConnectionFactory.java:1137)
	at com.rabbitmq.client.ConnectionFactory.newConnection(ConnectionFactory.java:1087)
	at org.springframework.amqp.rabbit.connection.AbstractConnectionFactory.connectAddresses(AbstractConnectionFactory.java:638)
	at org.springframework.amqp.rabbit.connection.AbstractConnectionFactory.connect(AbstractConnectionFactory.java:613)
	at org.springframework.amqp.rabbit.connection.AbstractConnectionFactory.createBareConnection(AbstractConnectionFactory.java:565)
	... 51 common frames omitted
2021-05-15 11:42:44.506 [RMI TCP Connection(4)-192.168.42.123] WARN  com.zaxxer.hikari.HikariConfig - DatebookHikariCP - idleTimeout is close to or more than maxLifetime, disabling it.
2021-05-15 11:42:44.507 [RMI TCP Connection(4)-192.168.42.123] INFO  com.zaxxer.hikari.HikariDataSource - DatebookHikariCP - Starting...
2021-05-15 11:42:44.697 [RMI TCP Connection(4)-192.168.42.123] INFO  com.zaxxer.hikari.HikariDataSource - DatebookHikariCP - Start completed.
