2021-05-15 11:25:00.001 [main] INFO  cn.like.code.server.AdminApplication - Starting AdminApplication using Java 1.8.0_151 on like with PID 14440 (D:\Java\project\admin\like-admin\like-web-server\target\classes started by pdd20 in D:\Java\project\admin\like-admin)
2021-05-15 11:25:00.007 [main] INFO  cn.like.code.server.AdminApplication - The following profiles are active: develop
2021-05-15 11:25:02.055 [main] INFO  org.springframework.data.repository.config.RepositoryConfigurationDelegate - Multiple Spring Data modules found, entering strict repository configuration mode!
2021-05-15 11:25:02.060 [main] INFO  org.springframework.data.repository.config.RepositoryConfigurationDelegate - Bootstrapping Spring Data Redis repositories in DEFAULT mode.
2021-05-15 11:25:02.111 [main] INFO  org.springframework.data.repository.config.RepositoryConfigurationDelegate - Finished Spring Data repository scanning in 26 ms. Found 0 Redis repository interfaces.
2021-05-15 11:25:03.794 [main] INFO  org.springframework.boot.web.embedded.tomcat.TomcatWebServer - Tomcat initialized with port(s): 8101 (http)
2021-05-15 11:25:03.808 [main] INFO  org.apache.coyote.http11.Http11NioProtocol - Initializing ProtocolHandler ["http-nio-8101"]
2021-05-15 11:25:03.809 [main] INFO  org.apache.catalina.core.StandardService - Starting service [Tomcat]
2021-05-15 11:25:03.809 [main] INFO  org.apache.catalina.core.StandardEngine - Starting Servlet engine: [Apache Tomcat/9.0.45]
2021-05-15 11:25:03.943 [main] INFO  org.apache.catalina.core.ContainerBase.[Tomcat].[localhost].[/] - Initializing Spring embedded WebApplicationContext
2021-05-15 11:25:03.943 [main] INFO  org.springframework.boot.web.servlet.context.ServletWebServerApplicationContext - Root WebApplicationContext: initialization completed in 3483 ms
2021-05-15 11:25:08.068 [main] INFO  org.redisson.Version - Redisson 3.11.0
2021-05-15 11:25:11.204 [main] INFO  org.apache.catalina.core.StandardService - Stopping service [Tomcat]
2021-05-15 11:25:11.219 [main] INFO  org.springframework.boot.autoconfigure.logging.ConditionEvaluationReportLoggingListener - 

Error starting ApplicationContext. To display the conditions report re-run your application with 'debug' enabled.
2021-05-15 11:25:59.720 [main] INFO  cn.like.code.server.AdminApplication - Starting AdminApplication using Java 1.8.0_151 on like with PID 20064 (D:\Java\project\admin\like-admin\like-web-server\target\classes started by pdd20 in D:\Java\project\admin\like-admin)
2021-05-15 11:25:59.723 [main] INFO  cn.like.code.server.AdminApplication - The following profiles are active: develop
2021-05-15 11:26:01.645 [main] INFO  org.springframework.data.repository.config.RepositoryConfigurationDelegate - Multiple Spring Data modules found, entering strict repository configuration mode!
2021-05-15 11:26:01.649 [main] INFO  org.springframework.data.repository.config.RepositoryConfigurationDelegate - Bootstrapping Spring Data Redis repositories in DEFAULT mode.
2021-05-15 11:26:01.722 [main] INFO  org.springframework.data.repository.config.RepositoryConfigurationDelegate - Finished Spring Data repository scanning in 44 ms. Found 0 Redis repository interfaces.
2021-05-15 11:26:03.474 [main] INFO  org.springframework.boot.web.embedded.tomcat.TomcatWebServer - Tomcat initialized with port(s): 8101 (http)
2021-05-15 11:26:03.494 [main] INFO  org.apache.coyote.http11.Http11NioProtocol - Initializing ProtocolHandler ["http-nio-8101"]
2021-05-15 11:26:03.495 [main] INFO  org.apache.catalina.core.StandardService - Starting service [Tomcat]
2021-05-15 11:26:03.496 [main] INFO  org.apache.catalina.core.StandardEngine - Starting Servlet engine: [Apache Tomcat/9.0.45]
2021-05-15 11:26:03.675 [main] INFO  org.apache.catalina.core.ContainerBase.[Tomcat].[localhost].[/] - Initializing Spring embedded WebApplicationContext
2021-05-15 11:26:03.675 [main] INFO  org.springframework.boot.web.servlet.context.ServletWebServerApplicationContext - Root WebApplicationContext: initialization completed in 3671 ms
2021-05-15 11:26:05.945 [main] INFO  org.redisson.Version - Redisson 3.11.0
2021-05-15 11:26:09.144 [main] INFO  org.apache.catalina.core.StandardService - Stopping service [Tomcat]
2021-05-15 11:26:09.163 [main] INFO  org.springframework.boot.autoconfigure.logging.ConditionEvaluationReportLoggingListener - 

Error starting ApplicationContext. To display the conditions report re-run your application with 'debug' enabled.
2021-05-15 11:28:53.528 [main] INFO  cn.like.code.server.AdminApplication - Starting AdminApplication using Java 1.8.0_151 on like with PID 12156 (D:\Java\project\admin\like-admin\like-web-server\target\classes started by pdd20 in D:\Java\project\admin\like-admin)
2021-05-15 11:28:53.531 [main] INFO  cn.like.code.server.AdminApplication - The following profiles are active: develop
2021-05-15 11:28:55.760 [main] INFO  org.springframework.data.repository.config.RepositoryConfigurationDelegate - Multiple Spring Data modules found, entering strict repository configuration mode!
2021-05-15 11:28:55.763 [main] INFO  org.springframework.data.repository.config.RepositoryConfigurationDelegate - Bootstrapping Spring Data Redis repositories in DEFAULT mode.
2021-05-15 11:28:55.804 [main] INFO  org.springframework.data.repository.config.RepositoryConfigurationDelegate - Finished Spring Data repository scanning in 21 ms. Found 0 Redis repository interfaces.
2021-05-15 11:28:57.024 [main] INFO  org.springframework.boot.web.embedded.tomcat.TomcatWebServer - Tomcat initialized with port(s): 8101 (http)
2021-05-15 11:28:57.033 [main] INFO  org.apache.coyote.http11.Http11NioProtocol - Initializing ProtocolHandler ["http-nio-8101"]
2021-05-15 11:28:57.033 [main] INFO  org.apache.catalina.core.StandardService - Starting service [Tomcat]
2021-05-15 11:28:57.034 [main] INFO  org.apache.catalina.core.StandardEngine - Starting Servlet engine: [Apache Tomcat/9.0.45]
2021-05-15 11:28:57.123 [main] INFO  org.apache.catalina.core.ContainerBase.[Tomcat].[localhost].[/] - Initializing Spring embedded WebApplicationContext
2021-05-15 11:28:57.123 [main] INFO  org.springframework.boot.web.servlet.context.ServletWebServerApplicationContext - Root WebApplicationContext: initialization completed in 3174 ms
2021-05-15 11:28:58.910 [main] INFO  org.redisson.Version - Redisson 3.11.0
2021-05-15 11:29:02.185 [main] INFO  org.apache.catalina.core.StandardService - Stopping service [Tomcat]
2021-05-15 11:29:02.203 [main] INFO  org.springframework.boot.autoconfigure.logging.ConditionEvaluationReportLoggingListener - 

Error starting ApplicationContext. To display the conditions report re-run your application with 'debug' enabled.
2021-05-15 11:33:25.701 [main] INFO  cn.like.code.server.AdminApplication - Starting AdminApplication using Java 1.8.0_151 on like with PID 9900 (D:\Java\project\admin\like-admin\like-web-server\target\classes started by pdd20 in D:\Java\project\admin\like-admin)
2021-05-15 11:33:25.703 [main] INFO  cn.like.code.server.AdminApplication - The following profiles are active: develop
2021-05-15 11:33:27.639 [main] INFO  org.springframework.data.repository.config.RepositoryConfigurationDelegate - Multiple Spring Data modules found, entering strict repository configuration mode!
2021-05-15 11:33:27.642 [main] INFO  org.springframework.data.repository.config.RepositoryConfigurationDelegate - Bootstrapping Spring Data Redis repositories in DEFAULT mode.
2021-05-15 11:33:27.674 [main] INFO  org.springframework.data.repository.config.RepositoryConfigurationDelegate - Finished Spring Data repository scanning in 17 ms. Found 0 Redis repository interfaces.
2021-05-15 11:33:29.005 [main] INFO  org.springframework.boot.web.embedded.tomcat.TomcatWebServer - Tomcat initialized with port(s): 8101 (http)
2021-05-15 11:33:29.014 [main] INFO  org.apache.coyote.http11.Http11NioProtocol - Initializing ProtocolHandler ["http-nio-8101"]
2021-05-15 11:33:29.015 [main] INFO  org.apache.catalina.core.StandardService - Starting service [Tomcat]
2021-05-15 11:33:29.015 [main] INFO  org.apache.catalina.core.StandardEngine - Starting Servlet engine: [Apache Tomcat/9.0.45]
2021-05-15 11:33:29.106 [main] INFO  org.apache.catalina.core.ContainerBase.[Tomcat].[localhost].[/] - Initializing Spring embedded WebApplicationContext
2021-05-15 11:33:29.106 [main] INFO  org.springframework.boot.web.servlet.context.ServletWebServerApplicationContext - Root WebApplicationContext: initialization completed in 3029 ms
2021-05-15 11:33:30.855 [main] INFO  org.redisson.Version - Redisson 3.11.0
2021-05-15 11:33:32.501 [redisson-netty-4-3] INFO  org.redisson.connection.pool.MasterPubSubConnectionPool - 1 connections initialized for 127.0.0.1/127.0.0.1:6379
2021-05-15 11:33:35.035 [main] INFO  org.springframework.scheduling.concurrent.ThreadPoolTaskExecutor - Initializing ExecutorService 'applicationTaskExecutor'
2021-05-15 11:33:35.851 [main] INFO  org.springframework.boot.autoconfigure.security.servlet.UserDetailsServiceAutoConfiguration - 

Using generated security password: 7e1b2052-8fa0-4e85-b39c-42f4caebeb8e

2021-05-15 11:33:36.085 [main] INFO  org.springframework.security.web.DefaultSecurityFilterChain - Will secure any request with [org.springframework.security.web.context.request.async.WebAsyncManagerIntegrationFilter@2ae88712, org.springframework.security.web.context.SecurityContextPersistenceFilter@1afa048a, org.springframework.security.web.header.HeaderWriterFilter@69abeb14, org.springframework.security.web.csrf.CsrfFilter@13018f00, org.springframework.security.web.authentication.logout.LogoutFilter@3cab07dd, org.springframework.security.web.authentication.UsernamePasswordAuthenticationFilter@5dac6bc3, org.springframework.security.web.authentication.ui.DefaultLoginPageGeneratingFilter@4c0bfe9e, org.springframework.security.web.authentication.ui.DefaultLogoutPageGeneratingFilter@10508ba6, org.springframework.security.web.authentication.www.BasicAuthenticationFilter@7d563c13, org.springframework.security.web.savedrequest.RequestCacheAwareFilter@4d90d91f, org.springframework.security.web.servletapi.SecurityContextHolderAwareRequestFilter@3a7dcfb7, org.springframework.security.web.authentication.AnonymousAuthenticationFilter@da11873, org.springframework.security.web.session.SessionManagementFilter@544e6b, org.springframework.security.web.access.ExceptionTranslationFilter@2ffcdc9b, org.springframework.security.web.access.intercept.FilterSecurityInterceptor@1fe7fa16]
2021-05-15 11:33:37.624 [main] INFO  org.springframework.boot.actuate.endpoint.web.EndpointLinksResolver - Exposing 2 endpoint(s) beneath base path '/actuator'
2021-05-15 11:33:37.732 [main] INFO  org.apache.coyote.http11.Http11NioProtocol - Starting ProtocolHandler ["http-nio-8101"]
2021-05-15 11:33:37.746 [main] INFO  org.springframework.boot.web.embedded.tomcat.TomcatWebServer - Tomcat started on port(s): 8101 (http) with context path ''
2021-05-15 11:33:39.300 [main] INFO  org.springframework.scheduling.annotation.ScheduledAnnotationBeanPostProcessor - No TaskScheduler/ScheduledExecutorService bean found for scheduled processing
2021-05-15 11:33:39.318 [main] INFO  cn.like.code.server.AdminApplication - Started AdminApplication in 16.056 seconds (JVM running for 19.048)
2021-05-15 11:33:39.611 [RMI TCP Connection(3)-192.168.42.123] INFO  org.apache.catalina.core.ContainerBase.[Tomcat].[localhost].[/] - Initializing Spring DispatcherServlet 'dispatcherServlet'
2021-05-15 11:33:39.612 [RMI TCP Connection(3)-192.168.42.123] INFO  org.springframework.web.servlet.DispatcherServlet - Initializing Servlet 'dispatcherServlet'
2021-05-15 11:33:39.614 [RMI TCP Connection(3)-192.168.42.123] INFO  org.springframework.web.servlet.DispatcherServlet - Completed initialization in 2 ms
2021-05-15 11:33:41.321 [RMI TCP Connection(5)-192.168.42.123] INFO  org.springframework.amqp.rabbit.connection.CachingConnectionFactory - Attempting to connect to: [120.78.74.169:5672]
2021-05-15 11:34:02.371 [RMI TCP Connection(5)-192.168.42.123] INFO  com.zaxxer.hikari.HikariDataSource - DatebookHikariCP - Starting...
2021-05-15 11:34:02.525 [RMI TCP Connection(5)-192.168.42.123] INFO  com.zaxxer.hikari.HikariDataSource - DatebookHikariCP - Start completed.
2021-05-15 11:41:59.993 [main] INFO  cn.like.code.server.AdminApplication - Starting AdminApplication using Java 1.8.0_151 on like with PID 11036 (D:\Java\project\admin\like-admin\like-web-server\target\classes started by pdd20 in D:\Java\project\admin\like-admin)
2021-05-15 11:41:59.995 [main] INFO  cn.like.code.server.AdminApplication - The following profiles are active: develop
2021-05-15 11:42:02.013 [main] INFO  org.springframework.data.repository.config.RepositoryConfigurationDelegate - Multiple Spring Data modules found, entering strict repository configuration mode!
2021-05-15 11:42:02.016 [main] INFO  org.springframework.data.repository.config.RepositoryConfigurationDelegate - Bootstrapping Spring Data Redis repositories in DEFAULT mode.
2021-05-15 11:42:02.050 [main] INFO  org.springframework.data.repository.config.RepositoryConfigurationDelegate - Finished Spring Data repository scanning in 19 ms. Found 0 Redis repository interfaces.
2021-05-15 11:42:03.271 [main] INFO  org.springframework.boot.web.embedded.tomcat.TomcatWebServer - Tomcat initialized with port(s): 8101 (http)
2021-05-15 11:42:03.282 [main] INFO  org.apache.coyote.http11.Http11NioProtocol - Initializing ProtocolHandler ["http-nio-8101"]
2021-05-15 11:42:03.283 [main] INFO  org.apache.catalina.core.StandardService - Starting service [Tomcat]
2021-05-15 11:42:03.283 [main] INFO  org.apache.catalina.core.StandardEngine - Starting Servlet engine: [Apache Tomcat/9.0.45]
2021-05-15 11:42:03.387 [main] INFO  org.apache.catalina.core.ContainerBase.[Tomcat].[localhost].[/] - Initializing Spring embedded WebApplicationContext
2021-05-15 11:42:03.387 [main] INFO  org.springframework.boot.web.servlet.context.ServletWebServerApplicationContext - Root WebApplicationContext: initialization completed in 3079 ms
2021-05-15 11:42:05.312 [main] INFO  org.redisson.Version - Redisson 3.11.0
2021-05-15 11:42:08.617 [redisson-netty-4-3] INFO  org.redisson.connection.pool.MasterPubSubConnectionPool - 1 connections initialized for 127.0.0.1/127.0.0.1:6379
2021-05-15 11:42:15.752 [main] INFO  org.springframework.scheduling.concurrent.ThreadPoolTaskExecutor - Initializing ExecutorService 'applicationTaskExecutor'
2021-05-15 11:42:16.988 [main] INFO  org.springframework.boot.autoconfigure.security.servlet.UserDetailsServiceAutoConfiguration - 

Using generated security password: a47ef6a4-5584-41c4-ad82-1b5cd3ff4002

2021-05-15 11:42:17.282 [main] INFO  org.springframework.security.web.DefaultSecurityFilterChain - Will secure any request with [org.springframework.security.web.context.request.async.WebAsyncManagerIntegrationFilter@700202fa, org.springframework.security.web.context.SecurityContextPersistenceFilter@599310ab, org.springframework.security.web.header.HeaderWriterFilter@6d0bcf8c, org.springframework.security.web.csrf.CsrfFilter@71cc0e35, org.springframework.security.web.authentication.logout.LogoutFilter@51e1e058, org.springframework.security.web.authentication.UsernamePasswordAuthenticationFilter@64908ab9, org.springframework.security.web.authentication.ui.DefaultLoginPageGeneratingFilter@1820f274, org.springframework.security.web.authentication.ui.DefaultLogoutPageGeneratingFilter@141234df, org.springframework.security.web.authentication.www.BasicAuthenticationFilter@46d51d5e, org.springframework.security.web.savedrequest.RequestCacheAwareFilter@5274830e, org.springframework.security.web.servletapi.SecurityContextHolderAwareRequestFilter@38874eb5, org.springframework.security.web.authentication.AnonymousAuthenticationFilter@65698020, org.springframework.security.web.session.SessionManagementFilter@21dd9203, org.springframework.security.web.access.ExceptionTranslationFilter@2c1a95a2, org.springframework.security.web.access.intercept.FilterSecurityInterceptor@197180a5]
2021-05-15 11:42:20.031 [main] INFO  org.springframework.boot.actuate.endpoint.web.EndpointLinksResolver - Exposing 2 endpoint(s) beneath base path '/actuator'
2021-05-15 11:42:20.332 [main] INFO  org.apache.coyote.http11.Http11NioProtocol - Starting ProtocolHandler ["http-nio-8101"]
2021-05-15 11:42:20.351 [main] INFO  org.springframework.boot.web.embedded.tomcat.TomcatWebServer - Tomcat started on port(s): 8101 (http) with context path ''
2021-05-15 11:42:22.843 [main] INFO  org.springframework.scheduling.annotation.ScheduledAnnotationBeanPostProcessor - No TaskScheduler/ScheduledExecutorService bean found for scheduled processing
2021-05-15 11:42:22.876 [main] INFO  cn.like.code.server.AdminApplication - Started AdminApplication in 25.902 seconds (JVM running for 30.265)
2021-05-15 11:42:23.448 [RMI TCP Connection(4)-192.168.42.123] INFO  org.springframework.amqp.rabbit.connection.CachingConnectionFactory - Attempting to connect to: [120.78.74.169:5672]
2021-05-15 11:42:24.863 [RMI TCP Connection(6)-192.168.42.123] INFO  org.apache.catalina.core.ContainerBase.[Tomcat].[localhost].[/] - Initializing Spring DispatcherServlet 'dispatcherServlet'
2021-05-15 11:42:24.863 [RMI TCP Connection(6)-192.168.42.123] INFO  org.springframework.web.servlet.DispatcherServlet - Initializing Servlet 'dispatcherServlet'
2021-05-15 11:42:24.865 [RMI TCP Connection(6)-192.168.42.123] INFO  org.springframework.web.servlet.DispatcherServlet - Completed initialization in 2 ms
2021-05-15 11:42:44.507 [RMI TCP Connection(4)-192.168.42.123] INFO  com.zaxxer.hikari.HikariDataSource - DatebookHikariCP - Starting...
2021-05-15 11:42:44.697 [RMI TCP Connection(4)-192.168.42.123] INFO  com.zaxxer.hikari.HikariDataSource - DatebookHikariCP - Start completed.
